
ROM used:   9944/65536 (15%)
            9944/65536 (15%) including unused fragments

            2.5 Average locations per line
            8.6 Average locations per statement

RAM used:   138/3936 (4%) at main() level
            335/3936 (9%) worst case

Stack used: 8 worst case (7 in main + 1 for interrupts)
Stack size: 31

Lines Stmts  %   Files
----- ----- ---  -----
 1029   640  55  main.c
   60     0   0  headers\utils.h
  875     0   0  C:\Program Files (x86)\PICC\Devices\18f26k20.h
 1354   359  31  C:\Program Files (x86)\PICC\Drivers\stdlib.h
   32     0   0  C:\Program Files (x86)\PICC\Drivers\stddef.h
  435   129  11  C:\Program Files (x86)\PICC\Drivers\string.h
   28     0   0  C:\Program Files (x86)\PICC\Drivers\ctype.h
   88    32   3  lcd_lib_4bit.c
    8     0   0  headers\eeprom.h
----- -----
 3909  1160 Total

Page ROM  %  RAM    Vol Diff  Functions:
---- --- --- ---    --- ----  ----------
0     42   0    1    496  8.2  @delay_ms1
0    118   1    5    231  6.6  strcmp
0     52   0    5    129  4.6  strlen
0    246   1   11             @MULFF
0     54   0    2             @ITOF
0    618   3   16   1815 10.5  @ADDFF
0    346   2   14   1817 10.4  @DIVFF
0     92   0    0    238  1.4  LCD_Init
0     18   0    1     65  1.2  LCD_PutChar
0     30   0    1     90  1.4  LCD_PutCmd
0     30   0    0     72  1.2  LCD_PulseEnable
0     54   0    1    187  1.7  LCD_SetData
0    898   5    2   4251 10.4  MAIN
0    118   1   10             @FLT
0     48   0    0             @goto59617
0     46   0    0             @goto59629
0     34   0    0             @goto59646
0    172   1    4    950  2.8  init_data
0     18   0    0             @const1096
0    320   2    9    297  6.3  get_adc_accu
0     50   0    0    233  3.6  check_mn
0     70   0    0    439  4.7  check_AC
0    774   4    3   1886  5.8  display
0     16   0    0             @const1099
0     32   0    2             @PSTRINGC_1002
0     12   0    0             @const1104
0     40   0    3             @PSTRINGCN_1002
0     68   0    5             @FTOSD
0    148   1   13             @DIV3232
0    422   2   13             @PRINTF_L32D_1002FPFPF
0     18   0    0             @const1115
0     44   0    3             @DIV88
0    124   1    2             @PRINTF_U_1002
0     12   0    0             @const1123
0     14   0    0             @const1124
0     16   0    0             @const1125
0     20   0    0             @const1126
0     20   0    0             @const1127
0     10   0    0             @const1128
0     10   0    0             @const1129
0      8   0    0             @const1130
0     42   0    0             @goto59838
0     54   0    0    136  1.8  default_data
0   1292   6  172   2303  5.4  display_center
0     36   0    2             @PSTRINGR_1002
0     48   0    0             @goto59884
0     18   0    0             @const1137
0     12   0    0             @const1138
0     18   0    0             @const1139
0     14   0    0             @const1140
0     14   0    0             @const1141
0     12   0    0             @const1142
0     46   0    0             @goto59908
0     28   0    0    136  1.8  reset_timer_data
0    176   1    1    840  5.7  lcd_printf
0     18   0    0             @const1144
0     14   0    0             @const1145
0     10   0    0             @const1146
0      4   0    0             @const1147
0      4   0    0             @const1148
0      4   0    0             @const1149
0      4   0    0             @const1150
0      4   0    0             @const1151
0      4   0    0             @const1152
0     38   0    0             @goto59954
0    302   2    3   1236  5.3  key_scan
0    126   1    2    498  8.0  process_menu
0    370   2    3   1097  6.7  process_up
0     44   0    0             @goto60138
0    362   2    3   1037  7.6  process_down
0     44   0    0             @goto60182
0     96   0    3    428  7.0  process_exit
0    108   1    5    140  2.4  write_eeprom16
0     72   0    5     74  2.5  read_eeprom16
0    368   2    2    573  2.9  write_data
0     56   0    4             @SFTOI
0    288   1    1    618  2.9  read_data
0     88   0    0    275  1.4  disable_reset
0    254   1    0   1760  8.3  interrupt_timer0
 Inline         0             @cinit1

Program metrics:
    Functions               31
    Statements              1160
    Comments                925
    Volume (V)              41156
    Difficulty (D)          147.2
    Effort to implement (E) 6058964
    Time to implement (T)   93 hours, 30 minutes
    Est Delivered Bugs (B)  11
    Cyclomatic Complexity   187
    Maintainability (MI)    115

 Segment     Used  Free
-----------  ----  ----
00000-00002     4  0  
00004-00006     0  4  
00008-000AC   166  0  
000AE-0FFFE  9774  55588  



